0 info it worked if it ends with ok
1 verbose cli [ '/usr/bin/nodejs', '/usr/bin/npm', 'update', 'socket.io' ]
2 info using npm@3.5.2
3 info using node@v4.2.6
4 silly mapToRegistry name socket.io
5 silly mapToRegistry using default registry
6 silly mapToRegistry registry https://registry.npmjs.org/
7 silly mapToRegistry uri https://registry.npmjs.org/socket.io
8 verbose request uri https://registry.npmjs.org/socket.io
9 verbose request no auth needed
10 info attempt registry request try #1 at 2:29:40 PM
11 verbose request id 45e7c60c89e70b0c
12 verbose etag "5abd5bc3-29d91"
13 verbose lastModified Thu, 29 Mar 2018 21:33:55 GMT
14 http request GET https://registry.npmjs.org/socket.io
15 http 304 https://registry.npmjs.org/socket.io
16 verbose headers { date: 'Sat, 07 Apr 2018 21:29:40 GMT',
16 verbose headers   via: '1.1 varnish',
16 verbose headers   'cache-control': 'max-age=300',
16 verbose headers   etag: '"5abd5bc3-29d91"',
16 verbose headers   age: '12999',
16 verbose headers   connection: 'keep-alive',
16 verbose headers   'x-served-by': 'cache-sea1034-SEA',
16 verbose headers   'x-cache': 'HIT',
16 verbose headers   'x-cache-hits': '51',
16 verbose headers   'x-timer': 'S1523136581.678591,VS0,VE0',
16 verbose headers   vary: 'Accept-Encoding, Accept' }
17 silly get cb [ 304,
17 silly get   { date: 'Sat, 07 Apr 2018 21:29:40 GMT',
17 silly get     via: '1.1 varnish',
17 silly get     'cache-control': 'max-age=300',
17 silly get     etag: '"5abd5bc3-29d91"',
17 silly get     age: '12999',
17 silly get     connection: 'keep-alive',
17 silly get     'x-served-by': 'cache-sea1034-SEA',
17 silly get     'x-cache': 'HIT',
17 silly get     'x-cache-hits': '51',
17 silly get     'x-timer': 'S1523136581.678591,VS0,VE0',
17 silly get     vary: 'Accept-Encoding, Accept' } ]
18 verbose etag https://registry.npmjs.org/socket.io from cache
19 verbose get saving socket.io to /home/phabibi/.npm/registry.npmjs.org/socket.io/.cache.json
20 verbose stack TypeError: gid must be an unsigned int
20 verbose stack     at TypeError (native)
20 verbose stack     at Object.fs.chown (fs.js:1033:11)
20 verbose stack     at Object.chown (/usr/share/npm/node_modules/graceful-fs/polyfills.js:208:17)
20 verbose stack     at /usr/share/npm/node_modules/chownr/chownr.js:12:43
20 verbose stack     at /usr/share/npm/node_modules/graceful-fs/graceful-fs.js:140:16
20 verbose stack     at FSReqWrap.oncomplete (fs.js:82:15)
21 verbose cwd /home/phabibi/sfuhome/3D-TICTACTOE
22 error Linux 4.4.0-109-generic
23 error argv "/usr/bin/nodejs" "/usr/bin/npm" "update" "socket.io"
24 error node v4.2.6
25 error npm  v3.5.2
26 error gid must be an unsigned int
27 error If you need help, you may report this error at:
27 error     <https://github.com/npm/npm/issues>
28 verbose exit [ 1, true ]
